make all --print-data-base --no-builtin-variables --no-builtin-rules --question
# GNU Make 4.3
# Built for x86_64-pc-linux-gnu
# Copyright (C) 1988-2020 Free Software Foundation, Inc.
# License GPLv3+: GNU GPL version 3 or later <http://gnu.org/licenses/gpl.html>
# This is free software: you are free to change and redistribute it.
# There is NO WARRANTY, to the extent permitted by law.

# Make data base, printed on Tue Jul 26 10:25:15 2022

# Variables

# environment
GDK_BACKEND = x11
# environment
LC_ALL = C
# environment
GNOME_SHELL_SESSION_MODE = ubuntu
# environment
SSH_AGENT_LAUNCHER = gnome-keyring
# environment
XILINX_VIVADO = /tools/Xilinx/Vivado/2022.1
# environment
SNAP_INSTANCE_KEY = 
# environment
GJS_DEBUG_OUTPUT = stderr
# environment
LC_NAME = de_AT.UTF-8
# environment
LC_NUMERIC = de_AT.UTF-8
# environment
VSCODE_CWD = /home/user
# environment
FZF_CTRL_T_OPTS = --height 40% --layout reverse --info inline --border     --preview 'file {}' --preview-window up,1,border-horizontal
# makefile (from 'Makefile', line 4)
APP = 00_demo
# environment
LC_ADDRESS = de_AT.UTF-8
# default
MAKE_COMMAND := make
# environment
QT_ACCESSIBILITY = 1
# automatic
@D = $(patsubst %/,%,$(dir $@))
 
# environment
SNAP_INSTANCE_NAME = code
# environment
GDK_PIXBUF_MODULEDIR = /snap/code/102/usr/lib/x86_64-linux-gnu/gdk-pixbuf-2.0/2.10.0/loaders
# environment
VSCODE_HANDLES_UNCAUGHT_ERRORS = true
# default
.VARIABLES := 
# environment
PWD = /home/user/Documents/repos/RV32I_SC_Logisim
# automatic
%D = $(patsubst %/,%,$(dir $%))
# environment
LSCOLORS = Gxfxcxdxbxegedabagacad
# makefile (from 'Makefile', line 7)
DIRS_HW = hw/verilog
# environment
XDG_DATA_DIRS = /usr/local/share/:/usr/share/:/var/lib/snapd/desktop
# automatic
^D = $(patsubst %/,%,$(dir $^))
# automatic
%F = $(notdir $%)
# environment
VSCODE_CODE_CACHE_PATH = /home/user/.config/Code/CachedData/3b889b090b5ad5793f524b5d1d39fda662b96a2a
# environment
LANG = C
# environment
XAUTHORITY = /run/user/1000/.mutter-Xwaylandauth.ECZLP1
# default
.LOADED := 
# default
.INCLUDE_DIRS = /usr/local/include /usr/include /usr/include
# makefile
MAKEFLAGS = pqrR
# makefile
CURDIR := /home/user/Documents/repos/RV32I_SC_Logisim
# environment
APPLICATION_INSIGHTS_NO_DIAGNOSTIC_CHANNEL = true
# automatic
*D = $(patsubst %/,%,$(dir $*))
# environment
MFLAGS = -pqrR
# environment
SSH_AUTH_SOCK = /run/user/1000/keyring/ssh
# default
.SHELLFLAGS := -c
# environment
WAYLAND_DISPLAY = wayland-0
# automatic
+D = $(patsubst %/,%,$(dir $+))
# environment
XDG_SESSION_DESKTOP = ubuntu
# makefile (from 'Makefile', line 1)
MAKEFILE_LIST := Makefile
# environment
SNAP_REEXEC = 
# automatic
@F = $(notdir $@)
# environment
ZSH = /home/user/.oh-my-zsh
# environment
VSCODE_PID = 4726
# environment
XDG_SESSION_TYPE = wayland
# automatic
?D = $(patsubst %/,%,$(dir $?))
# environment
BAMF_DESKTOP_FILE_HINT = /var/lib/snapd/desktop/applications/code_code.desktop
# environment
SESSION_MANAGER = local/user-tpad:@/tmp/.ICE-unix/1277,unix/user-tpad:/tmp/.ICE-unix/1277
# automatic
*F = $(notdir $*)
# environment
CHROME_DESKTOP = code-url-handler.desktop
# environment
DBUS_SESSION_BUS_ADDRESS = unix:path=/run/user/1000/bus
# automatic
<D = $(patsubst %/,%,$(dir $<))
# environment
VSCODE_NLS_CONFIG = {"locale":"en-us","availableLanguages":{},"_languagePackSupport":true}
# default
MAKE_HOST := x86_64-pc-linux-gnu
# environment
GNOME_DESKTOP_SESSION_ID = this-is-deprecated
# makefile
SHELL = /bin/sh
# default
MAKECMDGOALS := all
# environment
XMODIFIERS = @im=ibus
# environment
GJS_DEBUG_TOPICS = JS ERROR;JS LOG
# environment
SHLVL = 0
# environment
MAKELEVEL := 0
# default
MAKE = $(MAKE_COMMAND)
# environment
SNAP_COOKIE = ZFNvtcditzZ1egi_vwIUIJDIlDn_QGHAmDn7mylBcEGvM3Wbf2Xw
# environment
PATH = /tools/Xilinx/Vitis_HLS/2022.1/bin:/tools/Xilinx/Model_Composer/2022.1/bin:/tools/Xilinx/Vitis/2022.1/bin:/tools/Xilinx/Vitis/2022.1/gnu/microblaze/lin/bin:/tools/Xilinx/Vitis/2022.1/gnu/arm/lin/bin:/tools/Xilinx/Vitis/2022.1/gnu/microblaze/linux_toolchain/lin64_le/bin:/tools/Xilinx/Vitis/2022.1/gnu/aarch32/lin/gcc-arm-linux-gnueabi/bin:/tools/Xilinx/Vitis/2022.1/gnu/aarch32/lin/gcc-arm-none-eabi/bin:/tools/Xilinx/Vitis/2022.1/gnu/aarch64/lin/aarch64-linux/bin:/tools/Xilinx/Vitis/2022.1/gnu/aarch64/lin/aarch64-none/bin:/tools/Xilinx/Vitis/2022.1/gnu/armr5/lin/gcc-arm-none-eabi/bin:/tools/Xilinx/Vitis/2022.1/tps/lnx64/cmake-3.3.2/bin:/tools/Xilinx/Vitis/2022.1/aietools/bin:/tools/Xilinx/Vivado/2022.1/bin:/tools/Xilinx/DocNav:/usr/local/sbin:/usr/local/bin:/usr/sbin:/usr/bin:/sbin:/bin:/usr/games:/usr/local/games:/snap/bin:/snap/bin:/home/user/Documents/repos/fzf/bin
# default
MAKEFILES := 
# environment
LC_MONETARY = de_AT.UTF-8
# automatic
^F = $(notdir $^)
# environment
SNAP_USER_COMMON = /home/user/snap/code/common
# environment
LC_TIME = de_AT.UTF-8
# environment
SNAP = /snap/code/102
# environment
INVOCATION_ID = c3161bbf104d45beac18df968d7cbb26
# environment
SNAP_REVISION = 102
# environment
SNAP_REAL_HOME = /home/user
# environment
USERNAME = user
# environment
GNOME_SETUP_DISPLAY = :1
# environment
LC_TELEPHONE = de_AT.UTF-8
# automatic
?F = $(notdir $?)
# makefile (from 'Makefile', line 6)
DIRS_SW = sw/apps
# environment
XDG_CURRENT_DESKTOP = Unity
# environment
LS_COLORS = 
# automatic
+F = $(notdir $+)
# environment
LESS = -R
# environment
DESKTOP_SESSION = ubuntu
# environment
ORIGINAL_XDG_CURRENT_DESKTOP = ubuntu:GNOME
# 'override' directive
GNUMAKEFLAGS := 
# environment
XILINX_HLS = /tools/Xilinx/Vitis_HLS/2022.1
# environment
LOGNAME = user
# environment
GIO_LAUNCHED_DESKTOP_FILE = /var/lib/snapd/desktop/applications/code_code.desktop
# environment
SNAP_ARCH = amd64
# makefile
.DEFAULT_GOAL := all
# environment
SYSTEMD_EXEC_PID = 1295
# environment
DISPLAY = :0
# environment
USER = user
# environment
GTK_MODULES = gail:atk-bridge
# default
MAKE_VERSION := 4.3
# environment
DISABLE_WAYLAND = 1
# environment
SNAP_DATA = /var/snap/code/102
# environment
SNAP_CONTEXT = ZFNvtcditzZ1egi_vwIUIJDIlDn_QGHAmDn7mylBcEGvM3Wbf2Xw
# environment
MANAGERPID = 1192
# environment
LC_MEASUREMENT = de_AT.UTF-8
# environment
GIO_LAUNCHED_DESKTOP_FILE_PID = 4678
# environment
PAGER = less
# environment
_ = /snap/code/102/usr/share/code/code
# environment
LC_PAPER = de_AT.UTF-8
# environment
XDG_RUNTIME_DIR = /run/user/1000
# environment
GDK_PIXBUF_MODULE_FILE = /home/user/snap/code/common/.cache/gdk-pixbuf-loaders.cache
# environment
JOURNAL_STREAM = 8:30587
# environment
XDG_SESSION_CLASS = user
# environment
VSCODE_AMD_ENTRYPOINT = vs/workbench/api/node/extensionHostProcess
# environment
HOME = /home/user
# environment
QT_IM_MODULE = ibus
# environment
ELECTRON_RUN_AS_NODE = 1
# environment
VSCODE_IPC_HOOK = /run/user/1000/vscode-16068fa4-1.69.2-main.sock
# environment
XILINX_VITIS = /tools/Xilinx/Vitis/2022.1
# environment
SNAP_NAME = code
# environment
GSETTINGS_SCHEMA_DIR = /snap/code/102/usr/share/glib-2.0/schemas
# default
.RECIPEPREFIX := 
# automatic
<F = $(notdir $<)
# environment
SNAP_VERSION = 3b889b09
# default
SUFFIXES := 
# environment
VSCODE_CLI = 1
# environment
ELECTRON_NO_ATTACH_CONSOLE = 1
# environment
SNAP_COMMON = /var/snap/code/common
# default
.FEATURES := target-specific order-only second-expansion else-if shortest-stem undefine oneshell nocomment grouped-target extra-prereqs archives jobserver output-sync check-symlink load
# environment
SNAP_USER_DATA = /home/user/snap/code/102
# environment
XDG_MENU_PREFIX = gnome-
# environment
GDMSESSION = ubuntu
# environment
LC_IDENTIFICATION = de_AT.UTF-8
# environment
SNAP_LIBRARY_PATH = /var/lib/snapd/lib/gl:/var/lib/snapd/lib/gl32:/var/lib/snapd/void
# variable set hash-table stats:
# Load=132/1024=13%, Rehash=0, Collisions=4/170=2%

# Pattern-specific Variable Values

# No pattern-specific variable values.

# Directories

# . (device 66309, inode 12601416): 10 files, no impossibilities.

# 10 files, no impossibilities in 1 directories.

# Implicit Rules

# No implicit rules.

# Files

app:
#  Phony target (prerequisite of .PHONY).
#  Implicit rule search has not been done.
#  Implicit/static pattern stem: ''
#  File does not exist.
#  File has been updated.
#  Needs to be updated (-q is set).
# automatic
# @ := app
# automatic
# * := 
# automatic
# < := 
# automatic
# + := 
# automatic
# % := 
# automatic
# ^ := 
# automatic
# ? := 
# automatic
# | := 
# variable set hash-table stats:
# Load=8/32=25%, Rehash=0, Collisions=1/13=8%
#  recipe to execute (from 'Makefile', line 16):
	@echo ""
	@echo "************************************"
	@echo "******      BUILDING APP     *******"
	@echo "************************************"
	@make --no-print-directory -C $(DIRS_SW)/$(APP)
	

sim: app
#  Implicit rule search has not been done.
#  Modification time never checked.
#  File has not been updated.
#  recipe to execute (from 'Makefile', line 23):
	@echo ""
	@echo "************************************"
	@echo "******       SIMULATING      *******"
	@echo "************************************"
	@make --no-print-directory -C $(DIRS_HW)

# Not a target:
Makefile:
#  Implicit rule search has been done.
 
#  Last modified 2022-07-26 10:11:26.7151333
#  File has been updated.
#  Successfully updated.

clean:
#  Implicit rule search has not been done.
#  Modification time never checked.
#  File has not been updated.
#  recipe to execute (from 'Makefile', line 31):
	@make --no-print-directory -C $(DIRS_SW)/$(APP) clean

# Not a target:
.DEFAULT:
#  Implicit rule search has not been done.
#  Modification time never checked.
#  File has not been updated.

all: app
#  Phony target (prerequisite of .PHONY).
#  Command line target.
#  Implicit rule search has not been done.
#  File does not exist.
#  File has been updated.
#  Needs to be updated (-q is set).
# variable set hash-table stats:
# Load=0/32=0%, Rehash=0, Collisions=0/5=0%
#  recipe to execute (from 'Makefile', line 14):
	

# Not a target:
.SUFFIXES:
#  Implicit rule search has not been done.
#  Modification time never checked.
#  File has not been updated.

.PHONY: all app
#  Implicit rule search has not been done.
#  Modification time never checked.
#  File has not been updated.

# files hash-table stats:
# Load=8/1024=1%, Rehash=0, Collisions=0/25=0%
# VPATH Search Paths

# No 'vpath' search paths.

# No general ('VPATH' variable) search path.

# strcache buffers: 1 (0) / strings = 19 / storage = 134 B / avg = 7 B
# current buf: size = 8162 B / used = 134 B / count = 19 / avg = 7 B

# strcache performance: lookups = 34 / hit rate = 44%
# hash-table stats:
# Load=19/8192=0%, Rehash=0, Collisions=0/34=0%
# Finished Make data base on Tue Jul 26 10:25:15 2022

 
